<?xml version="1.0" encoding="utf-8"?><testsuites name="pytest tests"><testsuite name="pytest" errors="0" failures="0" skipped="0" tests="6" time="0.867" timestamp="2026-05-22T14:01:05.617016-05:00" hostname="US-M4N-0105"><testcase classname="api.calculator.test_calculator" name="test_add" file="api\calculator\test_calculator.py" line="3" time="0.008" /><testcase classname="api.calculator.test_calculator" name="test_subtract" file="api\calculator\test_calculator.py" line="10" time="0.003" /><testcase classname="api.calculator.test_calculator" name="test_multiply" file="api\calculator\test_calculator.py" line="18" time="0.002" /><testcase classname="api.calculator.test_calculator" name="test_divide" file="api\calculator\test_calculator.py" line="25" time="0.002" /><testcase classname="api.calculator.test_calculator" name="test_divide_by_0" file="api\calculator\test_calculator.py" line="31" time="0.002" /><testcase classname="api.smiles.test_smiles" name="test_smile" file="api\smiles\test_smiles.py" line="2" time="0.007" /></testsuite></testsuites>